<?xml version="1.0" encoding="UTF-8"?>
<!-- Generated by org.testng.reporters.JUnitXMLReporter -->
<testsuite ignored="5" hostname="DESKTOP-DD8RH3S" failures="1" tests="20" name="Test" time="99.001" errors="0" timestamp="2023-06-19T20:14:55 IST">
  <testcase classname="TestCases.CheckOutCompleteTestPage" name="verifyCheckOutCompleteURLTest" time="0.023"/>
  <testcase classname="TestCases.CheckOutCompleteTestPage" name="verifyCheckoutCompleteLabelTest" time="0.034"/>
  <testcase classname="TestCases.CheckOutCompleteTestPage" name="verifyThankyouforyourorderLabelTest" time="0.033"/>
  <testcase classname="TestCases.CheckOutCompleteTestPage" name="verifyYourOrderLabelTest" time="0.025"/>
  <testcase classname="TestCases.CheckOutCompleteTestPage" name="verifyponyExpressImageTest" time="0.021"/>
  <testcase classname="TestCases.CheckOutTestPage2" name="verifyCheckOutOverviewLabelTest" time="0.023"/>
  <testcase classname="TestCases.CheckOutTestPage2" name="verifyPaymentInfoLabelTest" time="0.018"/>
  <testcase classname="TestCases.CheckOutTestPage2" name="verifyPriceTotalLabelTest" time="0.019"/>
  <testcase classname="TestCases.CheckOutTestPage2" name="verifyShippingInfoLabelTest" time="0.019"/>
  <testcase classname="TestCases.LoginTestPages" name="loginToApplication" time="0.158"/>
  <testcase classname="TestCases.LoginTestPages" name="verifyTitleTest" time="0.015"/>
  <testcase classname="TestCases.LoginTestPages" name="verifyURLTest" time="0.014"/>
  <testcase classname="TestCases.InventoryPageTest" name="verifyFacebookLogoTest" time="0.025">
    <failure type="java.lang.AssertionError" message="expected [false] but found [true]">
      <![CDATA[java.lang.AssertionError: expected [false] but found [true]
at TestCases.InventoryPageTest.verifyFacebookLogoTest(InventoryPageTest.java:82)
at java.base/java.util.ArrayList.forEach(ArrayList.java:1511)
... Removed 32 stack frames]]>
    </failure>
  </testcase> <!-- verifyFacebookLogoTest -->
  <testcase classname="TestCases.CartTestPage" name="verifyURLCartPageTest" time="0.009"/>
  <testcase classname="TestCases.CartTestPage" name="verifyYourCartLabelTest" time="0.025"/>
  <testcase classname="TestCases.CartTestPage" name="verifySwagLabslabelCartPageTest" time="0.017"/>
  <testcase classname="TestCases.CheckOutTestPage1" name="inputCheckOutInfoTest" time="0.163"/>
  <testcase classname="TestCases.CheckOutTestPage1" name="verifyCheckOutLabelTest" time="0.022"/>
  <testcase classname="TestCases.CheckOutTestPage1" name="verifySwagLabsCheckOut1LabelTest" time="0.018"/>
  <testcase classname="TestCases.CheckOutTestPage1" name="verifyURLCheckOut1Test" time="0.015"/>
  <testcase classname="TestCases.InventoryPageTest" name="add6product" time="0.0">
    <ignored/>
  </testcase> <!-- add6product -->
  <testcase classname="TestCases.InventoryPageTest" name="verifyLinkedInLogoTest" time="0.0">
    <ignored/>
  </testcase> <!-- verifyLinkedInLogoTest -->
  <testcase classname="TestCases.InventoryPageTest" name="verifyTwitterLogoTest" time="0.0">
    <ignored/>
  </testcase> <!-- verifyTwitterLogoTest -->
  <testcase classname="TestCases.InventoryPageTest" name="remove2product" time="0.0">
    <ignored/>
  </testcase> <!-- remove2product -->
  <testcase classname="TestCases.InventoryPageTest" name="verifyProductsTextTest" time="0.0">
    <ignored/>
  </testcase> <!-- verifyProductsTextTest -->
</testsuite> <!-- Test -->
