<?xml version="1.0" encoding="UTF-8"?>
<!-- Generated by org.testng.reporters.JUnitXMLReporter -->
<testsuite ignored="0" hostname="DESKTOP-DD8RH3S" failures="4" tests="9" name="Test1" time="53.301" errors="0" timestamp="2023-06-14T19:58:15 IST">
  <testcase classname="TestCases.LoginTestPages" name="loginToApplication" time="0.941"/>
  <testcase classname="TestCases.LoginTestPages" name="verifyTitleTest" time="0.013">
    <failure type="java.lang.AssertionError" message="expected [Swag Labs] but found [Swag Labs111]">
      <![CDATA[java.lang.AssertionError: expected [Swag Labs] but found [Swag Labs111]
at TestCases.LoginTestPages.verifyTitleTest(LoginTestPages.java:53)
at java.base/java.util.ArrayList.forEach(ArrayList.java:1511)
... Removed 32 stack frames]]>
    </failure>
  </testcase> <!-- verifyTitleTest -->
  <testcase classname="TestCases.LoginTestPages" name="verifyURLTest" time="0.035"/>
  <testcase classname="TestCases.InventoryPageTest" name="add6product" time="0.414"/>
  <testcase classname="TestCases.InventoryPageTest" name="remove2product" time="5.649"/>
  <testcase classname="TestCases.InventoryPageTest" name="verifyFacebookLogo" time="0.046">
    <failure type="java.lang.AssertionError" message="expected [false] but found [true]">
      <![CDATA[java.lang.AssertionError: expected [false] but found [true]
at TestCases.InventoryPageTest.verifyFacebookLogo(InventoryPageTest.java:82)
at java.base/java.util.ArrayList.forEach(ArrayList.java:1511)
... Removed 32 stack frames]]>
    </failure>
  </testcase> <!-- verifyFacebookLogo -->
  <testcase classname="TestCases.InventoryPageTest" name="verifyLinkedInLogo" time="0.046">
    <failure type="java.lang.AssertionError" message="expected [false] but found [true]">
      <![CDATA[java.lang.AssertionError: expected [false] but found [true]
at TestCases.InventoryPageTest.verifyLinkedInLogo(InventoryPageTest.java:91)
at java.base/java.util.ArrayList.forEach(ArrayList.java:1511)
... Removed 32 stack frames]]>
    </failure>
  </testcase> <!-- verifyLinkedInLogo -->
  <testcase classname="TestCases.InventoryPageTest" name="verifyProductsText" time="0.065"/>
  <testcase classname="TestCases.InventoryPageTest" name="verifyTwitterLogoTest" time="0.043">
    <failure type="java.lang.AssertionError" message="expected [false] but found [true]">
      <![CDATA[java.lang.AssertionError: expected [false] but found [true]
at TestCases.InventoryPageTest.verifyTwitterLogoTest(InventoryPageTest.java:73)
at java.base/java.util.ArrayList.forEach(ArrayList.java:1511)
... Removed 32 stack frames]]>
    </failure>
  </testcase> <!-- verifyTwitterLogoTest -->
</testsuite> <!-- Test1 -->
